Power Unit: W
PDB Frame : /stim#1/frame#0
-----------------------------------------------------------------------------------------
Cells Pct_cells     Leakage    Internal   Switching       Total Lvl Instance             
-----------------------------------------------------------------------------------------
 7826   100.00% 9.21121e-08 4.18864e-05 2.49617e-05 6.69402e-05   0 /cordic              
  522     6.67% 6.00411e-09 4.28652e-06 3.31674e-06 7.60927e-06   1 /cordic/genblk1[7].U 
  448     5.72% 4.88423e-09 4.35417e-06 2.34043e-06 6.69949e-06   1 /cordic/genblk1[8].U 
  337     4.31% 3.97810e-09 4.15759e-06 2.15710e-06 6.31867e-06   1 /cordic/genblk1[9].U 
  305     3.90% 4.06342e-09 4.02313e-06 1.98376e-06 6.01096e-06   1 /cordic/genblk1[10].U
  644     8.23% 5.78284e-09 2.92202e-06 2.57598e-06 5.50378e-06   1 /cordic/genblk1[6].U 
  299     3.82% 4.19466e-09 3.55589e-06 1.46515e-06 5.02523e-06   1 /cordic/genblk1[12].U
  297     3.80% 4.46191e-09 3.22416e-06 1.64423e-06 4.87285e-06   1 /cordic/genblk1[13].U
  303     3.87% 4.35822e-09 3.18228e-06 1.28766e-06 4.47429e-06   1 /cordic/genblk1[11].U
  291     3.72% 4.23227e-09 2.96831e-06 1.26068e-06 4.23323e-06   1 /cordic/genblk1[14].U
  624     7.97% 6.60414e-09 1.74299e-06 1.38037e-06 3.12997e-06   1 /cordic/genblk1[5].U 
  692     8.84% 7.53461e-09 1.89418e-06 1.21051e-06 3.11223e-06   1 /cordic/genblk1[4].U 
  729     9.32% 7.78502e-09 1.46777e-06 1.12197e-06 2.59753e-06   1 /cordic/genblk1[3].U 
  763     9.75% 9.01921e-09 1.42669e-06 1.03283e-06 2.46854e-06   1 /cordic/genblk1[2].U 
  753     9.62% 8.84511e-09 1.42249e-06 9.82535e-07 2.41387e-06   1 /cordic/genblk1[0].U 
  819    10.47% 1.03643e-08 1.25822e-06 9.36745e-07 2.20533e-06   1 /cordic/genblk1[1].U 
-----------------------------------------------------------------------------------------
