============================================================
  Generated by:           Genus(TM) Synthesis Solution 19.11-s087_1
  Generated on:           Nov 19 2020  12:36:20 pm
  Module:                 FDC_BW12_ABW10
  Operating conditions:   WCZCOM 
  Interconnect mode:      global
  Area mode:              physical library
============================================================


Path 1: MET (14387 ps) Setup Check with Pin Idec1_reg[11]/CP->D
     Startpoint: (R) theta_reg[8]/CP
          Clock: (R) CLKFS
       Endpoint: (R) Idec1_reg[11]/D
          Clock: (R) CLKD1

                     Capture       Launch     
        Clock Edge:+   62500        31250     
       Src Latency:+       0            0     
       Net Latency:+       0 (I)        0 (I) 
           Arrival:=   62500        31250     
                                              
             Setup:-      76                  
     Required Time:=   62424                  
      Launch Clock:-   31250                  
         Data Path:-   16786                  
             Slack:=   14387                  

#------------------------------------------------------------------------------------------------------------------
#             Timing Point              Flags    Arc   Edge     Cell      Fanout Load Trans Delay Arrival Instance 
#                                                                                (fF)  (ps)  (ps)   (ps)  Location 
#------------------------------------------------------------------------------------------------------------------
  theta_reg[8]/CP                       -       -      R     (arrival)       210    -     0     -   31250    (-,-) 
  theta_reg[8]/Q                        -       CP->Q  R     DFCND1BWP        16 23.8   466   465   31715    (-,-) 
  g24708__5122/ZN                       -       S->ZN  R     MUX2ND0BWP        3  4.8   391   374   32089    (-,-) 
  g24697__2398/ZN                       -       A2->ZN F     NR2XD0BWP         3  5.4   213   286   32374    (-,-) 
  g24658__2883/ZN                       -       B->ZN  R     MAOI222D1BWP      2  3.5   272   270   32644    (-,-) 
  g24636__5107/ZN                       -       C->ZN  F     MAOI222D1BWP      2  3.8   284   308   32952    (-,-) 
  g24614__1705/ZN                       -       C->ZN  R     MAOI222D1BWP      2  3.9   290   329   33281    (-,-) 
  g24600__7410/ZN                       -       C->ZN  F     MAOI222D1BWP      2  3.8   283   316   33598    (-,-) 
  g24583__1617/ZN                       -       C->ZN  R     MAOI222D1BWP      2  3.8   285   326   33923    (-,-) 
  g24565__6161/ZN                       -       C->ZN  F     MAOI222D1BWP      2  3.8   283   314   34237    (-,-) 
  g24548__4319/ZN                       -       C->ZN  R     MAOI222D1BWP      2  3.8   285   326   34563    (-,-) 
  g24532__1881/ZN                       -       C->ZN  F     MAOI222D1BWP      2  3.9   289   317   34880    (-,-) 
  g24504__1881/Z                        -       A1->Z  R     CKXOR2D1BWP       2  4.6   112   275   35155    (-,-) 
  g24491__6260/Z                        -       A1->Z  F     XOR2D1BWP         1  2.2    61   203   35357    (-,-) 
  g24465__8428/CO                       -       A->CO  F     FA1D0BWP          1  2.2    79   348   35705    (-,-) 
  g24457__1666/S                        -       CI->S  R     FA1D0BWP          2  4.6   179   270   35976    (-,-) 
  g24452__6161/Z                        -       A1->Z  F     XOR2D1BWP         1  2.2    61   233   36208    (-,-) 
  g24433__2398/CO                       -       A->CO  F     FA1D0BWP          1  2.2    79   348   36556    (-,-) 
  g24427__2883/S                        -       CI->S  R     FA1D0BWP          4  6.6   249   307   36863    (-,-) 
  g24423__4733/Z                        -       A1->Z  F     XOR2D1BWP         1  2.2    61   262   37126    (-,-) 
  g24408__8428/CO                       -       A->CO  F     FA1D0BWP          1  2.2    79   348   37474    (-,-) 
  g24392__4733/CO                       -       CI->CO F     FA1D0BWP          1  2.2    79   211   37685    (-,-) 
  g24378__8428/CO                       -       CI->CO F     FA1D0BWP          2  3.6   109   231   37916    (-,-) 
  g24366__9315/S                        -       CI->S  R     FA1D0BWP          4  6.8   255   326   38242    (-,-) 
  g24357__8246/ZN                       -       A1->ZN F     XNR2D1BWP         1  2.2    60   243   38485    (-,-) 
  g24328__6131/CO                       -       A->CO  F     FA1D0BWP          1  2.2    79   348   38833    (-,-) 
  g24323__1705/CO                       -       CI->CO F     FA1D0BWP          1  2.2    79   211   39044    (-,-) 
  g24319__6783/CO                       -       CI->CO F     FA1D0BWP          1  2.2    79   211   39256    (-,-) 
  g24315__6260/S                        -       CI->S  R     FA1D0BWP          3  5.4   207   285   39540    (-,-) 
  g24307__2883/Z                        -       A1->Z  F     XOR2D1BWP         1  2.2    61   244   39785    (-,-) 
  g24286__5107/CO                       -       A->CO  F     FA1D0BWP          1  2.2    79   348   40133    (-,-) 
  g24256__6260/CO                       -       CI->CO F     FA1D0BWP          1  2.2    79   211   40344    (-,-) 
  g24247__2883/CO                       -       CI->CO F     FA1D0BWP          1  2.2    79   211   40556    (-,-) 
  g24930/COX                            -       C->COX F     CMPE42D1BWP       2  3.5    84   210   40766    (-,-) 
  g24240__1881/Z                        -       A2->Z  F     XOR2D1BWP         3  5.2    92   193   40959    (-,-) 
  g24234__2802/ZN                       -       A1->ZN R     XNR2D1BWP         1  2.7    75   195   41154    (-,-) 
  g24931/S                              -       D->S   R     CMPE42D1BWP      14 25.2   490   639   41793    (-,-) 
  uIFIR1_const_mul_25_52_g1204__1617/CO -       A->CO  R     HA1D0BWP          1  2.2   103   321   42114    (-,-) 
  uIFIR1_const_mul_25_52_g1190__1666/CO -       A->CO  R     FA1D0BWP          3  5.5   206   389   42503    (-,-) 
  uIFIR1_const_mul_25_52_g1186__9945/ZN -       C->ZN  F     MAOI222D1BWP      1  2.2   213   233   42735    (-,-) 
  uIFIR1_const_mul_25_52_g1185/ZN       -       I->ZN  R     INVD1BWP          1  2.2    91   128   42864    (-,-) 
  uIFIR1_const_mul_25_52_g1176__8246/CO -       CI->CO R     FA1D0BWP          1  2.2    98   185   43048    (-,-) 
  uIFIR1_const_mul_25_52_g1171__3680/CO -       CI->CO R     FA1D0BWP          1  2.7   113   197   43245    (-,-) 
  g24943/CO                             -       D->CO  R     CMPE42D1BWP       1  2.2    66   317   43562    (-,-) 
  uIFIR1_const_mul_25_52_g1164__2398/CO -       CI->CO R     FA1D0BWP          1  2.7   113   181   43743    (-,-) 
  g24942/CO                             -       D->CO  R     CMPE42D1BWP       1  2.7    74   322   44066    (-,-) 
  g24941/CO                             -       D->CO  R     CMPE42D1BWP       1  2.7    74   303   44368    (-,-) 
  g24940/CO                             -       D->CO  R     CMPE42D1BWP       1  2.7    74   303   44671    (-,-) 
  g24939/CO                             -       D->CO  R     CMPE42D1BWP       1  2.7    74   303   44974    (-,-) 
  g24938/CO                             -       D->CO  R     CMPE42D1BWP       1  2.2    65   297   45271    (-,-) 
  uIFIR1_const_mul_25_52_g1158__2883/CO -       CI->CO R     FA1D0BWP          1  2.7   113   181   45452    (-,-) 
  g24937/CO                             -       D->CO  R     CMPE42D1BWP       1  2.7    74   322   45774    (-,-) 
  g24936/S                              -       D->S   F     CMPE42D1BWP       2  3.5    73   446   46220    (-,-) 
  uIFIR1_add_37_33_g538__8246/CO        -       A->CO  F     FA1D0BWP          1  2.2    79   355   46575    (-,-) 
  uIFIR1_add_37_33_g537__5122/CO        -       CI->CO F     FA1D0BWP          1  2.2    79   211   46786    (-,-) 
  uIFIR1_add_37_33_g536__1705/CO        -       CI->CO F     FA1D0BWP          1  2.2    79   211   46998    (-,-) 
  uIFIR1_add_37_33_g535__2802/CO        -       CI->CO F     FA1D0BWP          1  2.2    79   211   47209    (-,-) 
  uIFIR1_add_37_33_g534__1617/CO        -       CI->CO F     FA1D0BWP          1  2.2    79   211   47420    (-,-) 
  uIFIR1_add_37_33_g533__3680/CO        -       CI->CO F     FA1D0BWP          1  2.2    79   211   47632    (-,-) 
  uIFIR1_add_37_33_g532__6783/CO        -       CI->CO F     FA1D0BWP          1  2.2    79   211   47843    (-,-) 
  uIFIR1_add_37_33_g531__5526/Z         -       A3->Z  R     XOR3D1BWP         1  2.1    65   193   48036    (-,-) 
  Idec1_reg[11]/D                       <<<     -      R     DFCND1BWP         1    -     -     0   48036    (-,-) 
#------------------------------------------------------------------------------------------------------------------

